<?xml version="1.0" encoding="UTF-8"?>
<!-- Generated by org.testng.reporters.JUnitReportReporter -->
<testsuite hostname="DESKTOP-22KKBJD" failures="0" tests="1" name="makeMyTrip_option.TestRunner" time="49.903" errors="0" timestamp="2021-05-25T17:18:28 IST" skipped="0">
  <testcase classname="makeMyTrip_option.TestRunner" name="runScenario" time="49.903"/>
  <system-out/>
</testsuite> <!-- makeMyTrip_option.TestRunner -->
